running build_ext
building 'QRDM' extension
Warning: Can't read registry to find the necessary compiler setting
Make sure that Python modules winreg, win32api or win32con are installed.
C compiler: x86_64-linux-gnu-gcc -pthread -Wno-unused-result -Wsign-compare -DNDEBUG -g -fwrapv -O2 -Wall -g -fstack-protector-strong -Wformat -Werror=format-security -g -fwrapv -O2 -g -fstack-protector-strong -Wformat -Werror=format-security -Wdate-time -D_FORTIFY_SOURCE=2 -fPIC

creating build
creating build/temp.linux-x86_64-3.8
creating build/temp.linux-x86_64-3.8/src
compile options: '-I./include -I/home/jupyter/.local/lib/python3.8/site-packages/numpy/core/include -I['/home/jupyter/.local/lib/python3.8/site-packages/numpy/core/include'] -I./include -I/home/jupyter/.local/lib/python3.8/site-packages/numpy/core/include -I['/home/jupyter/.local/lib/python3.8/site-packages/numpy/core/include'] -I/usr/include/python3.8 -c'
x86_64-linux-gnu-gcc: QRDM_wrapper.c
x86_64-linux-gnu-gcc: ./src/dlarfb.c
x86_64-linux-gnu-gcc: ./src/dlarf.c
x86_64-linux-gnu-gcc: ./src/dlarfg.c
x86_64-linux-gnu-gcc: ./src/dgeqp3.c
x86_64-linux-gnu-gcc: ./src/dgeqrdm_work.c
x86_64-linux-gnu-gcc: ./src/dgeqrdm.c
x86_64-linux-gnu-gcc: ./src/dgeqr2.c
In file included from /home/jupyter/.local/lib/python3.8/site-packages/numpy/core/include/numpy/ndarraytypes.h:1969,
                 from /home/jupyter/.local/lib/python3.8/site-packages/numpy/core/include/numpy/ndarrayobject.h:12,
                 from /home/jupyter/.local/lib/python3.8/site-packages/numpy/core/include/numpy/arrayobject.h:4,
                 from QRDM_wrapper.c:2:
/home/jupyter/.local/lib/python3.8/site-packages/numpy/core/include/numpy/npy_1_7_deprecated_api.h:17:2: warning: #warning "Using deprecated NumPy API, disable it with " "#define NPY_NO_DEPRECATED_API NPY_1_7_API_VERSION" [-Wcpp]
   17 | #warning "Using deprecated NumPy API, disable it with " \
      |  ^~~~~~~
./src/dlarfb.c: In function ‘LAPACKE_dlarfb_mia’:
./src/dlarfb.c:81:6: warning: implicit declaration of function ‘printf’ [-Wimplicit-function-declaration]
   81 |      printf("1\n");
      |      ^~~~~~
./src/dlarfb.c:81:6: warning: incompatible implicit declaration of built-in function ‘printf’
./src/dlarfb.c:36:1: note: include ‘<stdio.h>’ or provide a declaration of ‘printf’
   35 | #include <lapacke.h>
  +++ |+#include <stdio.h>
   36 | /* #ifndef LAPACK_DISABLE_NAN_CHECK */
./src/dlarfb.c:86:8: warning: incompatible implicit declaration of built-in function ‘printf’
   86 |        printf("2\n");
      |        ^~~~~~
./src/dlarfb.c:86:8: note: include ‘<stdio.h>’ or provide a declaration of ‘printf’
./src/dlarfb.c:95:8: warning: incompatible implicit declaration of built-in function ‘printf’
   95 |        printf("3\n");
      |        ^~~~~~
./src/dlarfb.c:95:8: note: include ‘<stdio.h>’ or provide a declaration of ‘printf’
./src/dlarfb.c:98:8: warning: incompatible implicit declaration of built-in function ‘printf’
   98 |        printf("4\n");
      |        ^~~~~~
./src/dlarfb.c:98:8: note: include ‘<stdio.h>’ or provide a declaration of ‘printf’
./src/dlarfb.c:103:6: warning: incompatible implicit declaration of built-in function ‘printf’
  103 |      printf("5\n");
      |      ^~~~~~
./src/dlarfb.c:103:6: note: include ‘<stdio.h>’ or provide a declaration of ‘printf’
./src/dlarfb.c:108:8: warning: incompatible implicit declaration of built-in function ‘printf’
  108 |        printf("6\n");
      |        ^~~~~~
./src/dlarfb.c:108:8: note: include ‘<stdio.h>’ or provide a declaration of ‘printf’
./src/dlarfb.c:118:8: warning: incompatible implicit declaration of built-in function ‘printf’
  118 |        printf("7\n");
      |        ^~~~~~
./src/dlarfb.c:118:8: note: include ‘<stdio.h>’ or provide a declaration of ‘printf’
./src/dlarfb.c:122:8: warning: incompatible implicit declaration of built-in function ‘printf’
  122 |        printf("8\n");
      |        ^~~~~~
./src/dlarfb.c:122:8: note: include ‘<stdio.h>’ or provide a declaration of ‘printf’
./src/dgeqrdm.c: In function ‘dgeqrdm’:
./src/dgeqrdm.c:13:8: warning: implicit declaration of function ‘dgeqrdm_work’ [-Wimplicit-function-declaration]
   13 | info = dgeqrdm_work( matrix_layout, m, n, a, lda, jpvt, tau, ncols, thres, nb );
      |        ^~~~~~~~~~~~
./src/dlarf.c: In function ‘dlarf_’:
./src/dlarf.c:153:14: warning: implicit declaration of function ‘iladlc_’ [-Wimplicit-function-declaration]
  153 |      lastc = iladlc_(&lastv, n, &c__[c_offset], ldc);
      |              ^~~~~~~
./src/dlarf.c:156:14: warning: implicit declaration of function ‘iladlr_’; did you mean ‘ilaver_’? [-Wimplicit-function-declaration]
  156 |      lastc = iladlr_(m, &lastv, &c__[c_offset], ldc);
      |              ^~~~~~~
      |              ilaver_
./src/dgeqr2.c: In function ‘dgeqr2_mia’:
./src/dgeqr2.c:140:2: warning: implicit declaration of function ‘xerbla_’ [-Wimplicit-function-declaration]
  140 |  xerbla_("DGEQR2", &i__1);
      |  ^~~~~~~
./src/dgeqr2.c:162:9: warning: implicit declaration of function ‘dlarfg_mia’; did you mean ‘dlarfg_’? [-Wimplicit-function-declaration]
  162 |  flag = dlarfg_mia(&i__2, &a[i__ + i__ * a_dim1], &a[min(i__3, *m)+ i__ * a_dim1],
      |         ^~~~~~~~~~
      |         dlarfg_
./src/dgeqr2.c:183:4: warning: implicit declaration of function ‘dlarf_’; did you mean ‘dlarfx_’? [-Wimplicit-function-declaration]
  183 |    dlarf_(1, &i__2, &i__3, &a[i__ + i__ * a_dim1], &c__1,
      |    ^~~~~~
      |    dlarfx_
./src/dgeqrdm_work.c: In function ‘mark_argmin’:
./src/dgeqrdm_work.c:30:23: warning: comparison between pointer and integer
   30 |   while(vec[j]==1 && j<n){
      |                       ^
./src/dgeqrdm_work.c: In function ‘norm_update’:
./src/dgeqrdm_work.c:62:15: warning: unused variable ‘flag’ [-Wunused-variable]
   62 |   int ii, jj, flag = 0;
      |               ^~~~
./src/dgeqrdm_work.c: In function ‘permute_marked’:
./src/dgeqrdm_work.c:197:7: warning: this ‘while’ clause does not guard... [-Wmisleading-indentation]
  197 |       while((jb<ncols) && (marked[jb]!=0) && (marked[jb]!=2))
      |       ^~~~~
./src/dgeqrdm_work.c:200:9: note: ...this statement, but the latter is misleadingly indented as if it were guarded by the ‘while’
  200 |         if ((jc<=jb) || (jc< nb_idxI)){
      |         ^~
./src/dgeqrdm_work.c:160:7: warning: unused variable ‘k’ [-Wunused-variable]
  160 |   int k;
      |       ^
./src/dgeqrdm_work.c: In function ‘DM_perm’:
./src/dgeqrdm_work.c:318:10: warning: unused variable ‘dummy’ [-Wunused-variable]
  318 |   double dummy = 0.0;
      |          ^~~~~
./src/dgeqrdm_work.c:313:20: warning: unused variable ‘ni’ [-Wunused-variable]
  313 |   int idxj,i,j,nc, ni, startpos1, startpos2;
      |                    ^~
./src/dgeqrdm_work.c: In function ‘dgeqrdm_work’:
./src/dgeqrdm_work.c:579:5: warning: implicit declaration of function ‘xerbla_’ [-Wimplicit-function-declaration]
  579 |     xerbla_("DGEQRDM", &i__1);
      |     ^~~~~~~
./src/dgeqrdm_work.c:721:7: warning: implicit declaration of function ‘DM_perm2’; did you mean ‘DM_perm’? [-Wimplicit-function-declaration]
  721 |       DM_perm2(m, n, i__3, j,
      |       ^~~~~~~~
      |       DM_perm
./src/dgeqrdm_work.c:735:14: warning: implicit declaration of function ‘dgeqr2_mia’; did you mean ‘dgeqr2_’? [-Wimplicit-function-declaration]
  735 |       info = dgeqr2_mia(&i__1, &fjb,
      |              ^~~~~~~~~~
      |              dgeqr2_
./src/dgeqrdm_work.c:762:12: warning: implicit declaration of function ‘LAPACKE_dlarfb_mia’; did you mean ‘LAPACKE_dlarfb_work’? [-Wimplicit-function-declaration]
  762 |    info =  LAPACKE_dlarfb_mia(matrix_layout,
      |            ^~~~~~~~~~~~~~~~~~
      |            LAPACKE_dlarfb_work
./src/dgeqrdm_work.c:808:2: warning: implicit declaration of function ‘apply_jpvt’ [-Wimplicit-function-declaration]
  808 |  apply_jpvt(1, i__2, i__1, &a[j*a_dim1+1], lda, workint, &jpvt[j], &work[j], &workint[n], workdouble );
      |  ^~~~~~~~~~
./src/dgeqrdm_work.c:658:9: warning: unused variable ‘nc_x_block’ [-Wunused-variable]
  658 |     int nc_x_block;
      |         ^~~~~~~~~~
./src/dgeqrdm_work.c:526:7: warning: variable ‘sminmn’ set but not used [-Wunused-but-set-variable]
  526 |   int sminmn;
      |       ^~~~~~
./src/dgeqrdm_work.c:524:26: warning: unused variable ‘nx’ [-Wunused-variable]
  524 |   int j, jb, na, sm, sn, nx, fjb, fjb_cmp, nfxd, ldt;
      |                          ^~
./src/dgeqrdm_work.c:524:22: warning: variable ‘sn’ set but not used [-Wunused-but-set-variable]
  524 |   int j, jb, na, sm, sn, nx, fjb, fjb_cmp, nfxd, ldt;
      |                      ^~
./src/dgeqrdm_work.c:524:10: warning: unused variable ‘jb’ [-Wunused-variable]
  524 |   int j, jb, na, sm, sn, nx, fjb, fjb_cmp, nfxd, ldt;
      |          ^~
./src/dgeqrdm_work.c:521:11: warning: unused variable ‘jj’ [-Wunused-variable]
  521 |   int ii, jj;
      |           ^~
At top level:
./src/dgeqrdm_work.c:12:12: warning: ‘c__2’ defined but not used [-Wunused-variable]
   12 | static int c__2 = 2;
      |            ^~~~
./src/dgeqrdm_work.c:11:12: warning: ‘c__3’ defined but not used [-Wunused-variable]
   11 | static int c__3 = 3;
      |            ^~~~
./src/dgeqrdm_work.c:10:12: warning: ‘c_n1’ defined but not used [-Wunused-variable]
   10 | static int c_n1 = -1;
      |            ^~~~
QRDM_wrapper.c: In function ‘QP3’:
QRDM_wrapper.c:31:8: warning: assignment to ‘int *’ from incompatible pointer type ‘double *’ [-Wincompatible-pointer-types]
   31 |   jpvt = pyvector_to_Carrayptrs(jpvt_arr);
      |        ^
QRDM_wrapper.c: In function ‘QRF’:
QRDM_wrapper.c:50:8: warning: unused variable ‘jpvt’ [-Wunused-variable]
   50 |   int *jpvt;
      |        ^~~~
QRDM_wrapper.c: In function ‘QRDM’:
QRDM_wrapper.c:90:8: warning: assignment to ‘int *’ from incompatible pointer type ‘double *’ [-Wincompatible-pointer-types]
   90 |   jpvt = pyvector_to_Carrayptrs(jpvt_arr);
      |        ^
QRDM_wrapper.c:92:6: warning: assignment to ‘int *’ from incompatible pointer type ‘double *’ [-Wincompatible-pointer-types]
   92 |   nc = pyvector_to_Carrayptrs(nc_arr);
      |      ^
QRDM_wrapper.c: At top level:
QRDM_wrapper.c:138:16: warning: initialization of ‘int’ from ‘void *’ makes integer from pointer without a cast [-Wint-conversion]
  138 |  { NULL, NULL, NULL, 0, NULL }
      |                ^~~~
QRDM_wrapper.c:138:16: note: (near initialization for ‘QRDMInterfaceMethods[5].ml_flags’)
QRDM_wrapper.c:138:25: warning: excess elements in struct initializer
  138 |  { NULL, NULL, NULL, 0, NULL }
      |                         ^~~~
QRDM_wrapper.c:138:25: note: (near initialization for ‘QRDMInterfaceMethods[5]’)
./src/dgeqrdm_work.c: In function ‘dgeqrdm_work’:
./src/dgeqrdm_work.c:684:9: warning: ‘eta’ may be used uninitialized in this function [-Wmaybe-uninitialized]
  684 |     eta = eta*maxnrm;
      |     ~~~~^~~~~~~~~~~~
creating build/lib.linux-x86_64-3.8
x86_64-linux-gnu-gcc -pthread -shared -Wl,-O1 -Wl,-Bsymbolic-functions -Wl,-Bsymbolic-functions -Wl,-z,relro -g -fwrapv -O2 -Wl,-Bsymbolic-functions -Wl,-z,relro -g -fwrapv -O2 -g -fstack-protector-strong -Wformat -Werror=format-security -Wdate-time -D_FORTIFY_SOURCE=2 build/temp.linux-x86_64-3.8/QRDM_wrapper.o build/temp.linux-x86_64-3.8/src/dlarfb.o build/temp.linux-x86_64-3.8/src/dlarf.o build/temp.linux-x86_64-3.8/src/dlarfg.o build/temp.linux-x86_64-3.8/src/dgeqr2.o build/temp.linux-x86_64-3.8/src/dgeqp3.o build/temp.linux-x86_64-3.8/src/dgeqrdm_work.o build/temp.linux-x86_64-3.8/src/dgeqrdm.o -lblas -llapacke -llapack -o build/lib.linux-x86_64-3.8/QRDM.cpython-38-x86_64-linux-gnu.so
copying build/lib.linux-x86_64-3.8/QRDM.cpython-38-x86_64-linux-gnu.so -> 
